Arguments: 
  C:\Users\d4hin\AppData\Local\Volta\tools\image\node\12.16.3\node.exe C:\Users\d4hin\AppData\Local\Volta\tools\image\yarn\1.22.4\bin\yarn.js add immutablejs

PATH: 
  C:\Users\d4hin\AppData\Local\Volta\tools\image\yarn\1.22.4\bin;C:\Users\d4hin\AppData\Local\Volta\tools\image\node\12.16.3;C:\Users\d4hin\bin;C:\Program Files\Git\mingw64\bin;C:\Program Files\Git\usr\local\bin;C:\Program Files\Git\usr\bin;C:\Program Files\Git\usr\bin;C:\Program Files\Git\mingw64\bin;C:\Program Files\Git\usr\bin;C:\Users\d4hin\bin;C:\Program Files (x86)\Parallels\Parallels Tools\Applications;C:\Windows\system32;C:\Windows;C:\Windows\System32\Wbem;C:\Windows\System32\WindowsPowerShell\v1.0;C:\Windows\System32\OpenSSH;C:\ProgramData\chocolatey\bin;C:\Program Files\Git\cmd;C:\Program Files\Java\jdk1.8.0_221\bin;C:\ProgramData\chocolatey\lib\maven\apache-maven-3.6.2\bin;C:\Program Files\CMake\bin;C:\Program Files\dotnet;C:\Program Files (x86)\Yarn\bin;C:\Program Files\nodejs;C:\Users\d4hin\.windows-build-tools\python27;C:\Users\d4hin\.cargo\bin;C:\Users\d4hin\AppData\Local\Microsoft\WindowsApps;C:\Users\d4hin\AppData\Local\Programs\Microsoft VS Code\bin;C:\Program Files\Git\usr\bin;C:\Users\d4hin\bin\clingo;C:\texlive\2019\bin\win32;C:\Users\d4hin\AppData\Local\Yarn\bin;C:\Users\d4hin\AppData\Roaming\npm;C:\Program Files (x86)\Teyjus\bin;C:\Program Files\Git\usr\bin\vendor_perl;C:\Program Files\Git\usr\bin\core_perl;~\bin

Yarn version: 
  1.22.4

Node version: 
  12.16.3

Platform: 
  win32 x64

Trace: 
  Error: https://registry.yarnpkg.com/immutablejs: Not found
      at Request.params.callback [as _callback] (C:\Users\d4hin\AppData\Local\Volta\tools\image\yarn\1.22.4\lib\cli.js:66987:18)
      at Request.self.callback (C:\Users\d4hin\AppData\Local\Volta\tools\image\yarn\1.22.4\lib\cli.js:140748:22)
      at Request.emit (events.js:310:20)
      at Request.<anonymous> (C:\Users\d4hin\AppData\Local\Volta\tools\image\yarn\1.22.4\lib\cli.js:141720:10)
      at Request.emit (events.js:310:20)
      at IncomingMessage.<anonymous> (C:\Users\d4hin\AppData\Local\Volta\tools\image\yarn\1.22.4\lib\cli.js:141642:12)
      at Object.onceWrapper (events.js:416:28)
      at IncomingMessage.emit (events.js:322:22)
      at endReadableNT (_stream_readable.js:1187:12)
      at processTicksAndRejections (internal/process/task_queues.js:84:21)

npm manifest: 
  {
    "name": "flamingo2",
    "version": "1.0.0",
    "main": "index.js",
    "author": "Daniel Hines <d4hines@gmail.com>",
    "license": "MIT",
    "scripts": {
      "pretest": "tsc",
      "test": "node dist/foo.js"
    },
    "devDependencies": {
      "typescript": "^3.9.7"
    },
    "dependencies": {}
  }

yarn manifest: 
  No manifest

Lockfile: 
  # THIS IS AN AUTOGENERATED FILE. DO NOT EDIT THIS FILE DIRECTLY.
  # yarn lockfile v1
  
  
  typescript@^3.9.7:
    version "3.9.7"
    resolved "https://registry.yarnpkg.com/typescript/-/typescript-3.9.7.tgz#98d600a5ebdc38f40cb277522f12dc800e9e25fa"
    integrity sha512-BLbiRkiBzAwsjut4x/dsibSTB6yWpwT5qWmC2OfuCg3GgVQCSgMs4vEctYPhsaGtd0AeuuHMkjZ2h2WG8MSzRw==
